

Processing ProductsController#create (for 127.0.0.1 at 2009-12-02 22:15:04) [POST]
  Parameters: {"commit"=>"Submit", "authenticity_token"=>"jCtBWKkXlIApmdJuD8+q0N1Bvt9ygouQGhHZXT3u6UE=", "product"=>{"price"=>"$4", "name"=>"Bat Man", "description"=>"this is the bat man dvd"}}

ActiveRecord::StatementInvalid (Mysql::Error: Table 'window_production.products' doesn't exist: SHOW FIELDS FROM `products`):
  app/controllers/products_controller.rb:15:in `new'
  app/controllers/products_controller.rb:15:in `create'
  /usr/local/lib/ruby/1.8/webrick/httpserver.rb:104:in `service'
  /usr/local/lib/ruby/1.8/webrick/httpserver.rb:65:in `run'
  /usr/local/lib/ruby/1.8/webrick/server.rb:173:in `start_thread'
  /usr/local/lib/ruby/1.8/webrick/server.rb:162:in `start'
  /usr/local/lib/ruby/1.8/webrick/server.rb:162:in `start_thread'
  /usr/local/lib/ruby/1.8/webrick/server.rb:95:in `start'
  /usr/local/lib/ruby/1.8/webrick/server.rb:92:in `each'
  /usr/local/lib/ruby/1.8/webrick/server.rb:92:in `start'
  /usr/local/lib/ruby/1.8/webrick/server.rb:23:in `start'
  /usr/local/lib/ruby/1.8/webrick/server.rb:82:in `start'

Rendering rescues/layout (internal_server_error)


Processing ProductsController#new (for 127.0.0.1 at 2009-12-07 22:17:34) [GET]
  Parameters: {"action"=>"new", "controller"=>"products"}

ActiveRecord::StatementInvalid (Mysql::Error: Table 'window_production.products' doesn't exist: SHOW FIELDS FROM `products`):
  app/controllers/products_controller.rb:11:in `new'
  app/controllers/products_controller.rb:11:in `new'
  /usr/local/lib/ruby/1.8/webrick/httpserver.rb:104:in `service'
  /usr/local/lib/ruby/1.8/webrick/httpserver.rb:65:in `run'
  /usr/local/lib/ruby/1.8/webrick/server.rb:173:in `start_thread'
  /usr/local/lib/ruby/1.8/webrick/server.rb:162:in `start'
  /usr/local/lib/ruby/1.8/webrick/server.rb:162:in `start_thread'
  /usr/local/lib/ruby/1.8/webrick/server.rb:95:in `start'
  /usr/local/lib/ruby/1.8/webrick/server.rb:92:in `each'
  /usr/local/lib/ruby/1.8/webrick/server.rb:92:in `start'
  /usr/local/lib/ruby/1.8/webrick/server.rb:23:in `start'
  /usr/local/lib/ruby/1.8/webrick/server.rb:82:in `start'

Rendering rescues/layout (internal_server_error)


Processing ProductsController#new (for 127.0.0.1 at 2009-12-07 22:19:40) [GET]
  Parameters: {"action"=>"new", "controller"=>"products"}
Rendering template within layouts/application
Rendering products/new
Completed in 32ms (View: 26, DB: 2) | 200 OK [http://localhost/products/new]


Processing ProductsController#new (for 127.0.0.1 at 2009-12-07 22:19:56) [GET]
  Parameters: {"action"=>"new", "controller"=>"products"}
Rendering template within layouts/application
Rendering products/new
Completed in 11ms (View: 10, DB: 0) | 200 OK [http://localhost/products/new]


Processing ProductsController#new (for 127.0.0.1 at 2009-12-07 22:21:33) [GET]
  Parameters: {"action"=>"new", "controller"=>"products"}
Rendering template within layouts/application
Rendering products/new
Completed in 32ms (View: 26, DB: 2) | 200 OK [http://localhost/products/new]


Processing ProductsController#new (for 127.0.0.1 at 2009-12-07 22:21:36) [GET]
  Parameters: {"action"=>"new", "controller"=>"products"}
Rendering template within layouts/application
Rendering products/new
Completed in 11ms (View: 10, DB: 0) | 200 OK [http://localhost/products/new]


Processing ProductsController#index (for 127.0.0.1 at 2009-12-07 22:24:31) [GET]
  Parameters: {"action"=>"index", "controller"=>"products"}
Rendering template within layouts/application
Rendering products/index
Completed in 17ms (View: 16, DB: 0) | 200 OK [http://localhost/]


Processing ProductsController#index (for 127.0.0.1 at 2009-12-07 22:24:53) [GET]
  Parameters: {"action"=>"index", "controller"=>"products"}
Rendering template within layouts/application
Rendering products/index
Completed in 18ms (View: 16, DB: 0) | 200 OK [http://localhost/]


Processing ProductsController#index (for 127.0.0.1 at 2009-12-07 22:26:48) [GET]
  Parameters: {"action"=>"index", "controller"=>"products"}
Rendering template within layouts/application
Rendering products/index
Completed in 103ms (View: 98, DB: 2) | 200 OK [http://localhost/]


Processing ProductsController#index (for 127.0.0.1 at 2009-12-07 22:26:50) [GET]
  Parameters: {"action"=>"index", "controller"=>"products"}
Rendering template within layouts/application
Rendering products/index
Completed in 16ms (View: 15, DB: 0) | 200 OK [http://localhost/]


Processing ProductsController#index (for 127.0.0.1 at 2009-12-07 22:26:51) [GET]
  Parameters: {"action"=>"index", "controller"=>"products"}
Rendering template within layouts/application
Rendering products/index
Completed in 16ms (View: 15, DB: 0) | 200 OK [http://localhost/]


Processing ProductsController#index (for 127.0.0.1 at 2009-12-07 22:28:33) [GET]
  Parameters: {"action"=>"index", "controller"=>"products"}
Rendering template within layouts/application
Rendering products/index
Completed in 103ms (View: 97, DB: 2) | 200 OK [http://localhost/]


Processing ProductsController#index (for 127.0.0.1 at 2009-12-07 22:28:36) [GET]
  Parameters: {"action"=>"index", "controller"=>"products"}
Rendering template within layouts/application
Rendering products/index
Completed in 16ms (View: 15, DB: 0) | 200 OK [http://localhost/]


Processing ProductsController#index (for 127.0.0.1 at 2009-12-07 22:28:36) [GET]
  Parameters: {"action"=>"index", "controller"=>"products"}
Rendering template within layouts/application
Rendering products/index
Completed in 18ms (View: 17, DB: 0) | 200 OK [http://localhost/]


Processing ProductsController#index (for 127.0.0.1 at 2009-12-07 22:28:36) [GET]
  Parameters: {"action"=>"index", "controller"=>"products"}
Rendering template within layouts/application
Rendering products/index
Completed in 18ms (View: 17, DB: 0) | 200 OK [http://localhost/]


Processing ProductsController#index (for 127.0.0.1 at 2009-12-07 22:28:36) [GET]
  Parameters: {"action"=>"index", "controller"=>"products"}
Rendering template within layouts/application
Rendering products/index
Completed in 21ms (View: 19, DB: 1) | 200 OK [http://localhost/]


Processing ProductsController#index (for 127.0.0.1 at 2009-12-07 22:28:36) [GET]
  Parameters: {"action"=>"index", "controller"=>"products"}
Rendering template within layouts/application
Rendering products/index
Completed in 21ms (View: 19, DB: 1) | 200 OK [http://localhost/]


Processing ProductsController#index (for 127.0.0.1 at 2009-12-07 22:28:36) [GET]
  Parameters: {"action"=>"index", "controller"=>"products"}
Rendering template within layouts/application
Rendering products/index
Completed in 99ms (View: 97, DB: 0) | 200 OK [http://localhost/]


Processing ProductsController#index (for 127.0.0.1 at 2009-12-07 22:29:34) [GET]
  Parameters: {"action"=>"index", "controller"=>"products"}
Rendering template within layouts/application
Rendering products/index
Completed in 101ms (View: 96, DB: 2) | 200 OK [http://localhost/]


Processing ProductsController#index (for 127.0.0.1 at 2009-12-07 22:29:34) [GET]
  Parameters: {"action"=>"index", "controller"=>"products"}
Rendering template within layouts/application
Rendering products/index
Completed in 16ms (View: 15, DB: 0) | 200 OK [http://localhost/]


Processing ProductsController#index (for 127.0.0.1 at 2009-12-07 22:29:35) [GET]
  Parameters: {"action"=>"index", "controller"=>"products"}
Rendering template within layouts/application
Rendering products/index
Completed in 18ms (View: 17, DB: 1) | 200 OK [http://localhost/]


Processing ProductsController#index (for 127.0.0.1 at 2009-12-07 22:29:35) [GET]
  Parameters: {"action"=>"index", "controller"=>"products"}
Rendering template within layouts/application
Rendering products/index
Completed in 18ms (View: 16, DB: 0) | 200 OK [http://localhost/]


Processing ProductsController#index (for 127.0.0.1 at 2009-12-07 22:29:35) [GET]
  Parameters: {"action"=>"index", "controller"=>"products"}
Rendering template within layouts/application
Rendering products/index
Completed in 17ms (View: 16, DB: 0) | 200 OK [http://localhost/]


Processing ProductsController#index (for 127.0.0.1 at 2009-12-07 22:29:35) [GET]
  Parameters: {"action"=>"index", "controller"=>"products"}
Rendering template within layouts/application
Rendering products/index
Completed in 22ms (View: 21, DB: 0) | 200 OK [http://localhost/]


Processing ProductsController#index (for 127.0.0.1 at 2009-12-07 22:29:35) [GET]
  Parameters: {"action"=>"index", "controller"=>"products"}
Rendering template within layouts/application
Rendering products/index
Completed in 19ms (View: 18, DB: 0) | 200 OK [http://localhost/]


Processing ProductsController#index (for 127.0.0.1 at 2009-12-07 22:29:37) [GET]
  Parameters: {"action"=>"index", "controller"=>"products"}
Rendering template within layouts/application
Rendering products/index
Completed in 16ms (View: 15, DB: 0) | 200 OK [http://localhost/]


Processing ProductsController#index (for 127.0.0.1 at 2009-12-07 22:29:38) [GET]
  Parameters: {"action"=>"index", "controller"=>"products"}
Rendering template within layouts/application
Rendering products/index
Completed in 16ms (View: 15, DB: 0) | 200 OK [http://localhost/]


Processing ProductsController#index (for 127.0.0.1 at 2009-12-07 22:29:59) [GET]
  Parameters: {"action"=>"index", "controller"=>"products"}
Rendering template within layouts/application
Rendering products/index
Completed in 18ms (View: 16, DB: 0) | 200 OK [http://localhost/]


Processing ProductsController#index (for 127.0.0.1 at 2009-12-07 22:32:03) [GET]
  Parameters: {"action"=>"index", "controller"=>"products"}
Rendering template within layouts/application
Rendering products/index
Completed in 102ms (View: 96, DB: 2) | 200 OK [http://localhost/]


Processing ProductsController#index (for 127.0.0.1 at 2009-12-07 22:32:20) [GET]
  Parameters: {"action"=>"index", "controller"=>"products"}
Rendering template within layouts/application
Rendering products/index
Completed in 17ms (View: 16, DB: 0) | 200 OK [http://localhost/]


Processing ProductsController#index (for 127.0.0.1 at 2009-12-07 22:32:21) [GET]
  Parameters: {"action"=>"index", "controller"=>"products"}
Rendering template within layouts/application
Rendering products/index
Completed in 17ms (View: 16, DB: 0) | 200 OK [http://localhost/]


Processing ProductsController#index (for 127.0.0.1 at 2009-12-07 22:32:21) [GET]
  Parameters: {"action"=>"index", "controller"=>"products"}
Rendering template within layouts/application
Rendering products/index
Completed in 17ms (View: 16, DB: 0) | 200 OK [http://localhost/]


Processing ProductsController#index (for 127.0.0.1 at 2009-12-07 22:32:21) [GET]
  Parameters: {"action"=>"index", "controller"=>"products"}
Rendering template within layouts/application
Rendering products/index
Completed in 19ms (View: 17, DB: 0) | 200 OK [http://localhost/]


Processing ProductsController#index (for 127.0.0.1 at 2009-12-07 22:32:21) [GET]
  Parameters: {"action"=>"index", "controller"=>"products"}
Rendering template within layouts/application
Rendering products/index
Completed in 21ms (View: 20, DB: 0) | 200 OK [http://localhost/]


Processing ProductsController#index (for 127.0.0.1 at 2009-12-07 22:32:21) [GET]
  Parameters: {"action"=>"index", "controller"=>"products"}
Rendering template within layouts/application
Rendering products/index
Completed in 16ms (View: 15, DB: 0) | 200 OK [http://localhost/]


Processing ProductsController#index (for 127.0.0.1 at 2009-12-07 22:32:22) [GET]
  Parameters: {"action"=>"index", "controller"=>"products"}
Rendering template within layouts/application
Rendering products/index
Completed in 20ms (View: 19, DB: 0) | 200 OK [http://localhost/]


Processing ProductsController#index (for 127.0.0.1 at 2009-12-07 22:33:01) [GET]
  Parameters: {"action"=>"index", "controller"=>"products"}
Rendering template within layouts/application
Rendering products/index
Completed in 17ms (View: 15, DB: 0) | 200 OK [http://localhost/]


Processing ProductsController#index (for 127.0.0.1 at 2009-12-07 22:33:02) [GET]
  Parameters: {"action"=>"index", "controller"=>"products"}
Rendering template within layouts/application
Rendering products/index
Completed in 16ms (View: 15, DB: 0) | 200 OK [http://localhost/]


Processing ProductsController#index (for 127.0.0.1 at 2009-12-07 22:36:08) [GET]
  Parameters: {"action"=>"index", "controller"=>"products"}
Rendering template within layouts/application
Rendering products/index
Completed in 104ms (View: 98, DB: 2) | 200 OK [http://localhost/]


Processing ProductsController#show (for 127.0.0.1 at 2009-12-07 22:36:15) [GET]
  Parameters: {"action"=>"show", "id"=>"5", "controller"=>"products"}
Rendering template within layouts/application
Rendering products/show
Completed in 12ms (View: 11, DB: 0) | 200 OK [http://localhost/products/5]


Processing ProductsController#index (for 127.0.0.1 at 2009-12-07 22:36:18) [GET]
  Parameters: {"action"=>"index", "controller"=>"products"}
Rendering template within layouts/application
Rendering products/index
Completed in 16ms (View: 15, DB: 0) | 200 OK [http://localhost/products]


Processing ProductsController#edit (for 127.0.0.1 at 2009-12-07 22:36:20) [GET]
  Parameters: {"action"=>"edit", "id"=>"5", "controller"=>"products"}
Rendering template within layouts/application
Rendering products/edit
Completed in 15ms (View: 13, DB: 1) | 200 OK [http://localhost/products/5/edit]
